# JRE version: OpenJDK Runtime Environment (8.0_152-b01) (build 1.8.0_152-release-915-b01)
# Java VM: OpenJDK 64-Bit Server VM (25.152-b01 mixed mode windows-amd64 compressed oops)
Heap:
 PSYoungGen      total 303104K, used 267023K [0x00000000e0000000, 0x00000000f3900000, 0x0000000100000000)
  eden space 290816K, 90% used [0x00000000e0000000,0x00000000f0203fa8,0x00000000f1c00000)
  from space 12288K, 22% used [0x00000000f2d00000,0x00000000f2fc0010,0x00000000f3900000)
  to   space 14848K, 0% used [0x00000000f1c00000,0x00000000f1c00000,0x00000000f2a80000)
 ParOldGen       total 119296K, used 72110K [0x00000000a0000000, 0x00000000a7480000, 0x00000000e0000000)
  object space 119296K, 60% used [0x00000000a0000000,0x00000000a466ba48,0x00000000a7480000)
 Metaspace       used 79157K, capacity 82010K, committed 88704K, reserved 1126400K
  class space    used 10003K, capacity 10655K, committed 11648K, reserved 1048576K
GC Heap History (10 events):
Event: 3368.306 GC heap before
{Heap before GC invocations=71 (full 5):
 PSYoungGen      total 219648K, used 200192K [0x00000000e0000000, 0x00000000f0500000, 0x0000000100000000)
  eden space 200192K, 100% used [0x00000000e0000000,0x00000000ec380000,0x00000000ec380000)
  from space 19456K, 0% used [0x00000000ec380000,0x00000000ec380000,0x00000000ed680000)
  to   space 18432K, 0% used [0x00000000ef300000,0x00000000ef300000,0x00000000f0500000)
 ParOldGen       total 119296K, used 62466K [0x00000000a0000000, 0x00000000a7480000, 0x00000000e0000000)
  object space 119296K, 52% used [0x00000000a0000000,0x00000000a3d00b30,0x00000000a7480000)
 Metaspace       used 79022K, capacity 81850K, committed 88704K, reserved 1126400K
  class space    used 9995K, capacity 10649K, committed 11648K, reserved 1048576K
Event: 3368.467 GC heap after
Heap after GC invocations=71 (full 5):
 PSYoungGen      total 243712K, used 5163K [0x00000000e0000000, 0x00000000f0180000, 0x0000000100000000)
  eden space 228864K, 0% used [0x00000000e0000000,0x00000000e0000000,0x00000000edf80000)
  from space 14848K, 34% used [0x00000000ef300000,0x00000000ef80adf0,0x00000000f0180000)
  to   space 17408K, 0% used [0x00000000edf80000,0x00000000edf80000,0x00000000ef080000)
 ParOldGen       total 119296K, used 62474K [0x00000000a0000000, 0x00000000a7480000, 0x00000000e0000000)
  object space 119296K, 52% used [0x00000000a0000000,0x00000000a3d02b30,0x00000000a7480000)
 Metaspace       used 79022K, capacity 81850K, committed 88704K, reserved 1126400K
  class space    used 9995K, capacity 10649K, committed 11648K, reserved 1048576K
}
Event: 3376.519 GC heap before
{Heap before GC invocations=72 (full 5):
 PSYoungGen      total 243712K, used 234027K [0x00000000e0000000, 0x00000000f0180000, 0x0000000100000000)
  eden space 228864K, 100% used [0x00000000e0000000,0x00000000edf80000,0x00000000edf80000)
  from space 14848K, 34% used [0x00000000ef300000,0x00000000ef80adf0,0x00000000f0180000)
  to   space 17408K, 0% used [0x00000000edf80000,0x00000000edf80000,0x00000000ef080000)
 ParOldGen       total 119296K, used 62474K [0x00000000a0000000, 0x00000000a7480000, 0x00000000e0000000)
  object space 119296K, 52% used [0x00000000a0000000,0x00000000a3d02b30,0x00000000a7480000)
 Metaspace       used 79053K, capacity 81914K, committed 88704K, reserved 1126400K
  class space    used 9995K, capacity 10649K, committed 11648K, reserved 1048576K
Event: 3376.741 GC heap after
Heap after GC invocations=72 (full 5):
 PSYoungGen      total 246272K, used 6147K [0x00000000e0000000, 0x00000000f1e00000, 0x0000000100000000)
  eden space 228864K, 0% used [0x00000000e0000000,0x00000000e0000000,0x00000000edf80000)
  from space 17408K, 35% used [0x00000000edf80000,0x00000000ee580f78,0x00000000ef080000)
  to   space 16384K, 0% used [0x00000000f0e00000,0x00000000f0e00000,0x00000000f1e00000)
 ParOldGen       total 119296K, used 65223K [0x00000000a0000000, 0x00000000a7480000, 0x00000000e0000000)
  object space 119296K, 54% used [0x00000000a0000000,0x00000000a3fb1de0,0x00000000a7480000)
 Metaspace       used 79053K, capacity 81914K, committed 88704K, reserved 1126400K
  class space    used 9995K, capacity 10649K, committed 11648K, reserved 1048576K
}
Event: 3382.969 GC heap before
{Heap before GC invocations=73 (full 5):
 PSYoungGen      total 246272K, used 235011K [0x00000000e0000000, 0x00000000f1e00000, 0x0000000100000000)
  eden space 228864K, 100% used [0x00000000e0000000,0x00000000edf80000,0x00000000edf80000)
  from space 17408K, 35% used [0x00000000edf80000,0x00000000ee580f78,0x00000000ef080000)
  to   space 16384K, 0% used [0x00000000f0e00000,0x00000000f0e00000,0x00000000f1e00000)
 ParOldGen       total 119296K, used 65223K [0x00000000a0000000, 0x00000000a7480000, 0x00000000e0000000)
  object space 119296K, 54% used [0x00000000a0000000,0x00000000a3fb1de0,0x00000000a7480000)
 Metaspace       used 79067K, capacity 81934K, committed 88704K, reserved 1126400K
  class space    used 9997K, capacity 10653K, committed 11648K, reserved 1048576K
Event: 3383.117 GC heap after
Heap after GC invocations=73 (full 5):
 PSYoungGen      total 273408K, used 4041K [0x00000000e0000000, 0x00000000f1c00000, 0x0000000100000000)
  eden space 259072K, 0% used [0x00000000e0000000,0x00000000e0000000,0x00000000efd00000)
  from space 14336K, 28% used [0x00000000f0e00000,0x00000000f11f27d8,0x00000000f1c00000)
  to   space 15872K, 0% used [0x00000000efd00000,0x00000000efd00000,0x00000000f0c80000)
 ParOldGen       total 119296K, used 66340K [0x00000000a0000000, 0x00000000a7480000, 0x00000000e0000000)
  object space 119296K, 55% used [0x00000000a0000000,0x00000000a40c9288,0x00000000a7480000)
 Metaspace       used 79067K, capacity 81934K, committed 88704K, reserved 1126400K
  class space    used 9997K, capacity 10653K, committed 11648K, reserved 1048576K
}
Event: 3392.549 GC heap before
{Heap before GC invocations=74 (full 5):
 PSYoungGen      total 273408K, used 263113K [0x00000000e0000000, 0x00000000f1c00000, 0x0000000100000000)
  eden space 259072K, 100% used [0x00000000e0000000,0x00000000efd00000,0x00000000efd00000)
  from space 14336K, 28% used [0x00000000f0e00000,0x00000000f11f27d8,0x00000000f1c00000)
  to   space 15872K, 0% used [0x00000000efd00000,0x00000000efd00000,0x00000000f0c80000)
 ParOldGen       total 119296K, used 66340K [0x00000000a0000000, 0x00000000a7480000, 0x00000000e0000000)
  object space 119296K, 55% used [0x00000000a0000000,0x00000000a40c9288,0x00000000a7480000)
 Metaspace       used 79096K, capacity 81934K, committed 88704K, reserved 1126400K
  class space    used 9998K, capacity 10653K, committed 11648K, reserved 1048576K
Event: 3392.905 GC heap after
Heap after GC invocations=74 (full 5):
 PSYoungGen      total 274944K, used 7496K [0x00000000e0000000, 0x00000000f3c00000, 0x0000000100000000)
  eden space 259072K, 0% used [0x00000000e0000000,0x00000000e0000000,0x00000000efd00000)
  from space 15872K, 47% used [0x00000000efd00000,0x00000000f0452020,0x00000000f0c80000)
  to   space 15360K, 0% used [0x00000000f2d00000,0x00000000f2d00000,0x00000000f3c00000)
 ParOldGen       total 119296K, used 66484K [0x00000000a0000000, 0x00000000a7480000, 0x00000000e0000000)
  object space 119296K, 55% used [0x00000000a0000000,0x00000000a40ed288,0x00000000a7480000)
 Metaspace       used 79096K, capacity 81934K, committed 88704K, reserved 1126400K
  class space    used 9998K, capacity 10653K, committed 11648K, reserved 1048576K
}
Event: 3402.741 GC heap before
{Heap before GC invocations=75 (full 5):
 PSYoungGen      total 274944K, used 266568K [0x00000000e0000000, 0x00000000f3c00000, 0x0000000100000000)
  eden space 259072K, 100% used [0x00000000e0000000,0x00000000efd00000,0x00000000efd00000)
  from space 15872K, 47% used [0x00000000efd00000,0x00000000f0452020,0x00000000f0c80000)
  to   space 15360K, 0% used [0x00000000f2d00000,0x00000000f2d00000,0x00000000f3c00000)
 ParOldGen       total 119296K, used 66484K [0x00000000a0000000, 0x00000000a7480000, 0x00000000e0000000)
  object space 119296K, 55% used [0x00000000a0000000,0x00000000a40ed288,0x00000000a7480000)
 Metaspace       used 79102K, capacity 81934K, committed 88704K, reserved 1126400K
  class space    used 9999K, capacity 10653K, committed 11648K, reserved 1048576K
Event: 3402.875 GC heap after
Heap after GC invocations=75 (full 5):
 PSYoungGen      total 303104K, used 2816K [0x00000000e0000000, 0x00000000f3900000, 0x0000000100000000)
  eden space 290816K, 0% used [0x00000000e0000000,0x00000000e0000000,0x00000000f1c00000)
  from space 12288K, 22% used [0x00000000f2d00000,0x00000000f2fc0010,0x00000000f3900000)
  to   space 14848K, 0% used [0x00000000f1c00000,0x00000000f1c00000,0x00000000f2a80000)
 ParOldGen       total 119296K, used 72110K [0x00000000a0000000, 0x00000000a7480000, 0x00000000e0000000)
  object space 119296K, 60% used [0x00000000a0000000,0x00000000a466ba48,0x00000000a7480000)
 Metaspace       used 79102K, capacity 81934K, committed 88704K, reserved 1126400K
  class space    used 9999K, capacity 10653K, committed 11648K, reserved 1048576K
}

